[     596ms] [ERROR] Failed to load resource: the server responded with a status of 403 () @ https://d3gk2c5xim1je2.cloudfront.net/v7.1.0/regular/panels-top-left.svg:0
[     711ms] [WARNING] Connected to Socket.io @ http://localhost:3002/_next/static/chunks/13p_xp_nojwqx.js:0
[     761ms] [WARNING] Received change, reloading page now @ http://localhost:3002/_next/static/chunks/13p_xp_nojwqx.js:0
[     936ms] [WARNING] Received change, reloading page now @ http://localhost:3002/_next/static/chunks/13p_xp_nojwqx.js:0
[    1000ms] [WARNING] Received change, reloading page now @ http://localhost:3002/_next/static/chunks/13p_xp_nojwqx.js:0
[    1274ms] [WARNING] Received change, reloading page now @ http://localhost:3002/_next/static/chunks/13p_xp_nojwqx.js:0
[    1392ms] [WARNING] Received change, reloading page now @ http://localhost:3002/_next/static/chunks/13p_xp_nojwqx.js:0
[    1474ms] [WARNING] Received change, reloading page now @ http://localhost:3002/_next/static/chunks/13p_xp_nojwqx.js:0
[    1680ms] [WARNING] Received change, reloading page now @ http://localhost:3002/_next/static/chunks/13p_xp_nojwqx.js:0
[    1772ms] [WARNING] Received change, reloading page now @ http://localhost:3002/_next/static/chunks/13p_xp_nojwqx.js:0
[    1918ms] [WARNING] Received change, reloading page now @ http://localhost:3002/_next/static/chunks/13p_xp_nojwqx.js:0
[    2036ms] [WARNING] Received change, reloading page now @ http://localhost:3002/_next/static/chunks/13p_xp_nojwqx.js:0
[    2167ms] [WARNING] Received change, reloading page now @ http://localhost:3002/_next/static/chunks/13p_xp_nojwqx.js:0
[    2267ms] [WARNING] Received change, reloading page now @ http://localhost:3002/_next/static/chunks/13p_xp_nojwqx.js:0
[    2393ms] [WARNING] Received change, reloading page now @ http://localhost:3002/_next/static/chunks/13p_xp_nojwqx.js:0
[    2585ms] [WARNING] Received change, reloading page now @ http://localhost:3002/_next/static/chunks/13p_xp_nojwqx.js:0
[    2741ms] [WARNING] Received change, reloading page now @ http://localhost:3002/_next/static/chunks/13p_xp_nojwqx.js:0
[    2805ms] [WARNING] Received change, reloading page now @ http://localhost:3002/_next/static/chunks/13p_xp_nojwqx.js:0
[    2942ms] [WARNING] Received change, reloading page now @ http://localhost:3002/_next/static/chunks/13p_xp_nojwqx.js:0
[    3085ms] [WARNING] Received change, reloading page now @ http://localhost:3002/_next/static/chunks/13p_xp_nojwqx.js:0
[    3238ms] [WARNING] Received change, reloading page now @ http://localhost:3002/_next/static/chunks/13p_xp_nojwqx.js:0
[    3359ms] [WARNING] Received change, reloading page now @ http://localhost:3002/_next/static/chunks/13p_xp_nojwqx.js:0
[    3496ms] [WARNING] Received change, reloading page now @ http://localhost:3002/_next/static/chunks/13p_xp_nojwqx.js:0
[    3692ms] [WARNING] Received change, reloading page now @ http://localhost:3002/_next/static/chunks/13p_xp_nojwqx.js:0
[    3855ms] [WARNING] Received change, reloading page now @ http://localhost:3002/_next/static/chunks/13p_xp_nojwqx.js:0
[    3978ms] [WARNING] Received change, reloading page now @ http://localhost:3002/_next/static/chunks/13p_xp_nojwqx.js:0
[    4097ms] [WARNING] Received change, reloading page now @ http://localhost:3002/_next/static/chunks/13p_xp_nojwqx.js:0
[    4230ms] [WARNING] Received change, reloading page now @ http://localhost:3002/_next/static/chunks/13p_xp_nojwqx.js:0
[    4342ms] [WARNING] Received change, reloading page now @ http://localhost:3002/_next/static/chunks/13p_xp_nojwqx.js:0
[    4522ms] [WARNING] Received change, reloading page now @ http://localhost:3002/_next/static/chunks/13p_xp_nojwqx.js:0
[    4589ms] [WARNING] Received change, reloading page now @ http://localhost:3002/_next/static/chunks/13p_xp_nojwqx.js:0
[    4726ms] [WARNING] Received change, reloading page now @ http://localhost:3002/_next/static/chunks/13p_xp_nojwqx.js:0
[    4827ms] [WARNING] Received change, reloading page now @ http://localhost:3002/_next/static/chunks/13p_xp_nojwqx.js:0
[    4953ms] [WARNING] Received change, reloading page now @ http://localhost:3002/_next/static/chunks/13p_xp_nojwqx.js:0
[    5091ms] [WARNING] Received change, reloading page now @ http://localhost:3002/_next/static/chunks/13p_xp_nojwqx.js:0
[    5281ms] [WARNING] Received change, reloading page now @ http://localhost:3002/_next/static/chunks/13p_xp_nojwqx.js:0
[    5379ms] [WARNING] Received change, reloading page now @ http://localhost:3002/_next/static/chunks/13p_xp_nojwqx.js:0
[    5509ms] [WARNING] Received change, reloading page now @ http://localhost:3002/_next/static/chunks/13p_xp_nojwqx.js:0
[    5655ms] [WARNING] Received change, reloading page now @ http://localhost:3002/_next/static/chunks/13p_xp_nojwqx.js:0
[    5777ms] [WARNING] Received change, reloading page now @ http://localhost:3002/_next/static/chunks/13p_xp_nojwqx.js:0
[    5932ms] [WARNING] Received change, reloading page now @ http://localhost:3002/_next/static/chunks/13p_xp_nojwqx.js:0
[    6121ms] [WARNING] Received change, reloading page now @ http://localhost:3002/_next/static/chunks/13p_xp_nojwqx.js:0
[    6192ms] [WARNING] Received change, reloading page now @ http://localhost:3002/_next/static/chunks/13p_xp_nojwqx.js:0
[    6400ms] [WARNING] Received change, reloading page now @ http://localhost:3002/_next/static/chunks/13p_xp_nojwqx.js:0
[    6476ms] [WARNING] Received change, reloading page now @ http://localhost:3002/_next/static/chunks/13p_xp_nojwqx.js:0
[    6592ms] [WARNING] Received change, reloading page now @ http://localhost:3002/_next/static/chunks/13p_xp_nojwqx.js:0
[    6723ms] [WARNING] Received change, reloading page now @ http://localhost:3002/_next/static/chunks/13p_xp_nojwqx.js:0
[    6908ms] [WARNING] Received change, reloading page now @ http://localhost:3002/_next/static/chunks/13p_xp_nojwqx.js:0
[    7033ms] [WARNING] Received change, reloading page now @ http://localhost:3002/_next/static/chunks/13p_xp_nojwqx.js:0
[    7173ms] [WARNING] Received change, reloading page now @ http://localhost:3002/_next/static/chunks/13p_xp_nojwqx.js:0
[    7373ms] [WARNING] Received change, reloading page now @ http://localhost:3002/_next/static/chunks/13p_xp_nojwqx.js:0
[    7474ms] [WARNING] Received change, reloading page now @ http://localhost:3002/_next/static/chunks/13p_xp_nojwqx.js:0
[    7655ms] [WARNING] Received change, reloading page now @ http://localhost:3002/_next/static/chunks/13p_xp_nojwqx.js:0
[    7732ms] [WARNING] Received change, reloading page now @ http://localhost:3002/_next/static/chunks/13p_xp_nojwqx.js:0
[    7853ms] [WARNING] Received change, reloading page now @ http://localhost:3002/_next/static/chunks/13p_xp_nojwqx.js:0
[    8020ms] [WARNING] Received change, reloading page now @ http://localhost:3002/_next/static/chunks/13p_xp_nojwqx.js:0
[    8118ms] [WARNING] Received change, reloading page now @ http://localhost:3002/_next/static/chunks/13p_xp_nojwqx.js:0
[    8191ms] [WARNING] Received change, reloading page now @ http://localhost:3002/_next/static/chunks/13p_xp_nojwqx.js:0
[    8303ms] [WARNING] Received change, reloading page now @ http://localhost:3002/_next/static/chunks/13p_xp_nojwqx.js:0
[    8433ms] [WARNING] Received change, reloading page now @ http://localhost:3002/_next/static/chunks/13p_xp_nojwqx.js:0
[    8535ms] [WARNING] Received change, reloading page now @ http://localhost:3002/_next/static/chunks/13p_xp_nojwqx.js:0
[    8657ms] [WARNING] Received change, reloading page now @ http://localhost:3002/_next/static/chunks/13p_xp_nojwqx.js:0
[    8847ms] [WARNING] Received change, reloading page now @ http://localhost:3002/_next/static/chunks/13p_xp_nojwqx.js:0
[    8910ms] [WARNING] Received change, reloading page now @ http://localhost:3002/_next/static/chunks/13p_xp_nojwqx.js:0
[    9066ms] [WARNING] Received change, reloading page now @ http://localhost:3002/_next/static/chunks/13p_xp_nojwqx.js:0
[    9195ms] [WARNING] Received change, reloading page now @ http://localhost:3002/_next/static/chunks/13p_xp_nojwqx.js:0
[    9344ms] [WARNING] Received change, reloading page now @ http://localhost:3002/_next/static/chunks/13p_xp_nojwqx.js:0
[    9519ms] [WARNING] Received change, reloading page now @ http://localhost:3002/_next/static/chunks/13p_xp_nojwqx.js:0
[    9611ms] [WARNING] Received change, reloading page now @ http://localhost:3002/_next/static/chunks/13p_xp_nojwqx.js:0
[    9752ms] [WARNING] Received change, reloading page now @ http://localhost:3002/_next/static/chunks/13p_xp_nojwqx.js:0
[    9876ms] [WARNING] Received change, reloading page now @ http://localhost:3002/_next/static/chunks/13p_xp_nojwqx.js:0
[   10005ms] [WARNING] Received change, reloading page now @ http://localhost:3002/_next/static/chunks/13p_xp_nojwqx.js:0
[   10156ms] [WARNING] Received change, reloading page now @ http://localhost:3002/_next/static/chunks/13p_xp_nojwqx.js:0
[   10286ms] [WARNING] Received change, reloading page now @ http://localhost:3002/_next/static/chunks/13p_xp_nojwqx.js:0
[   10416ms] [WARNING] Received change, reloading page now @ http://localhost:3002/_next/static/chunks/13p_xp_nojwqx.js:0
[   10566ms] [WARNING] Received change, reloading page now @ http://localhost:3002/_next/static/chunks/13p_xp_nojwqx.js:0
[   10667ms] [WARNING] Received change, reloading page now @ http://localhost:3002/_next/static/chunks/13p_xp_nojwqx.js:0
[   10789ms] [WARNING] Received change, reloading page now @ http://localhost:3002/_next/static/chunks/13p_xp_nojwqx.js:0
[   10918ms] [WARNING] Received change, reloading page now @ http://localhost:3002/_next/static/chunks/13p_xp_nojwqx.js:0
[   11114ms] [WARNING] Received change, reloading page now @ http://localhost:3002/_next/static/chunks/13p_xp_nojwqx.js:0
[   11281ms] [WARNING] Received change, reloading page now @ http://localhost:3002/_next/static/chunks/13p_xp_nojwqx.js:0
[   11408ms] [WARNING] Received change, reloading page now @ http://localhost:3002/_next/static/chunks/13p_xp_nojwqx.js:0
[   11539ms] [WARNING] Received change, reloading page now @ http://localhost:3002/_next/static/chunks/13p_xp_nojwqx.js:0
[   11670ms] [WARNING] Received change, reloading page now @ http://localhost:3002/_next/static/chunks/13p_xp_nojwqx.js:0
[   11775ms] [WARNING] Received change, reloading page now @ http://localhost:3002/_next/static/chunks/13p_xp_nojwqx.js:0
[   11925ms] [WARNING] Received change, reloading page now @ http://localhost:3002/_next/static/chunks/13p_xp_nojwqx.js:0
[   12042ms] [WARNING] Received change, reloading page now @ http://localhost:3002/_next/static/chunks/13p_xp_nojwqx.js:0
[   12175ms] [WARNING] Received change, reloading page now @ http://localhost:3002/_next/static/chunks/13p_xp_nojwqx.js:0
[   12407ms] [WARNING] Received change, reloading page now @ http://localhost:3002/_next/static/chunks/13p_xp_nojwqx.js:0
[   12471ms] [WARNING] Received change, reloading page now @ http://localhost:3002/_next/static/chunks/13p_xp_nojwqx.js:0
[   12664ms] [WARNING] Received change, reloading page now @ http://localhost:3002/_next/static/chunks/13p_xp_nojwqx.js:0
[   12799ms] [WARNING] Received change, reloading page now @ http://localhost:3002/_next/static/chunks/13p_xp_nojwqx.js:0
[   12899ms] [WARNING] Received change, reloading page now @ http://localhost:3002/_next/static/chunks/13p_xp_nojwqx.js:0
[   13024ms] [WARNING] Received change, reloading page now @ http://localhost:3002/_next/static/chunks/13p_xp_nojwqx.js:0
[   13174ms] [WARNING] Received change, reloading page now @ http://localhost:3002/_next/static/chunks/13p_xp_nojwqx.js:0
[   13295ms] [WARNING] Received change, reloading page now @ http://localhost:3002/_next/static/chunks/13p_xp_nojwqx.js:0
[   13447ms] [WARNING] Received change, reloading page now @ http://localhost:3002/_next/static/chunks/13p_xp_nojwqx.js:0
[   13574ms] [WARNING] Received change, reloading page now @ http://localhost:3002/_next/static/chunks/13p_xp_nojwqx.js:0
[   13701ms] [WARNING] Received change, reloading page now @ http://localhost:3002/_next/static/chunks/13p_xp_nojwqx.js:0
[   13835ms] [WARNING] Received change, reloading page now @ http://localhost:3002/_next/static/chunks/13p_xp_nojwqx.js:0
[   13994ms] [WARNING] Received change, reloading page now @ http://localhost:3002/_next/static/chunks/13p_xp_nojwqx.js:0
[   14068ms] [WARNING] Received change, reloading page now @ http://localhost:3002/_next/static/chunks/13p_xp_nojwqx.js:0
[   14198ms] [WARNING] Received change, reloading page now @ http://localhost:3002/_next/static/chunks/13p_xp_nojwqx.js:0
[   14299ms] [WARNING] Received change, reloading page now @ http://localhost:3002/_next/static/chunks/13p_xp_nojwqx.js:0
[   14450ms] [WARNING] Received change, reloading page now @ http://localhost:3002/_next/static/chunks/13p_xp_nojwqx.js:0
[   14571ms] [WARNING] Received change, reloading page now @ http://localhost:3002/_next/static/chunks/13p_xp_nojwqx.js:0
[   14699ms] [WARNING] Received change, reloading page now @ http://localhost:3002/_next/static/chunks/13p_xp_nojwqx.js:0
[   14832ms] [WARNING] Received change, reloading page now @ http://localhost:3002/_next/static/chunks/13p_xp_nojwqx.js:0
[   14993ms] [WARNING] Received change, reloading page now @ http://localhost:3002/_next/static/chunks/13p_xp_nojwqx.js:0
[   15185ms] [WARNING] Received change, reloading page now @ http://localhost:3002/_next/static/chunks/13p_xp_nojwqx.js:0
[   15251ms] [WARNING] Received change, reloading page now @ http://localhost:3002/_next/static/chunks/13p_xp_nojwqx.js:0
[   15385ms] [WARNING] Received change, reloading page now @ http://localhost:3002/_next/static/chunks/13p_xp_nojwqx.js:0
[   15555ms] [WARNING] Received change, reloading page now @ http://localhost:3002/_next/static/chunks/13p_xp_nojwqx.js:0
[   15708ms] [WARNING] Received change, reloading page now @ http://localhost:3002/_next/static/chunks/13p_xp_nojwqx.js:0
[   15832ms] [WARNING] Received change, reloading page now @ http://localhost:3002/_next/static/chunks/13p_xp_nojwqx.js:0
[   15969ms] [WARNING] Received change, reloading page now @ http://localhost:3002/_next/static/chunks/13p_xp_nojwqx.js:0
[   16048ms] [WARNING] Received change, reloading page now @ http://localhost:3002/_next/static/chunks/13p_xp_nojwqx.js:0
[   16149ms] [WARNING] Received change, reloading page now @ http://localhost:3002/_next/static/chunks/13p_xp_nojwqx.js:0
[   16278ms] [WARNING] Received change, reloading page now @ http://localhost:3002/_next/static/chunks/13p_xp_nojwqx.js:0
[   16471ms] [WARNING] Received change, reloading page now @ http://localhost:3002/_next/static/chunks/13p_xp_nojwqx.js:0
[   16538ms] [WARNING] Received change, reloading page now @ http://localhost:3002/_next/static/chunks/13p_xp_nojwqx.js:0
[   16687ms] [WARNING] Received change, reloading page now @ http://localhost:3002/_next/static/chunks/13p_xp_nojwqx.js:0
[   16770ms] [WARNING] Received change, reloading page now @ http://localhost:3002/_next/static/chunks/13p_xp_nojwqx.js:0
[   16921ms] [WARNING] Received change, reloading page now @ http://localhost:3002/_next/static/chunks/13p_xp_nojwqx.js:0
[   17091ms] [WARNING] Received change, reloading page now @ http://localhost:3002/_next/static/chunks/13p_xp_nojwqx.js:0
[   17156ms] [WARNING] Received change, reloading page now @ http://localhost:3002/_next/static/chunks/13p_xp_nojwqx.js:0
[   17329ms] [WARNING] Received change, reloading page now @ http://localhost:3002/_next/static/chunks/13p_xp_nojwqx.js:0
[   17475ms] [WARNING] Received change, reloading page now @ http://localhost:3002/_next/static/chunks/13p_xp_nojwqx.js:0
[   17619ms] [WARNING] Received change, reloading page now @ http://localhost:3002/_next/static/chunks/13p_xp_nojwqx.js:0
[   17755ms] [WARNING] Received change, reloading page now @ http://localhost:3002/_next/static/chunks/13p_xp_nojwqx.js:0
[   17976ms] [WARNING] Received change, reloading page now @ http://localhost:3002/_next/static/chunks/13p_xp_nojwqx.js:0
[   18137ms] [WARNING] Received change, reloading page now @ http://localhost:3002/_next/static/chunks/13p_xp_nojwqx.js:0
[   18238ms] [WARNING] Received change, reloading page now @ http://localhost:3002/_next/static/chunks/13p_xp_nojwqx.js:0
[   18358ms] [WARNING] Received change, reloading page now @ http://localhost:3002/_next/static/chunks/13p_xp_nojwqx.js:0
[   18500ms] [WARNING] Received change, reloading page now @ http://localhost:3002/_next/static/chunks/13p_xp_nojwqx.js:0
[   18681ms] [WARNING] Received change, reloading page now @ http://localhost:3002/_next/static/chunks/13p_xp_nojwqx.js:0
[   18807ms] [WARNING] Received change, reloading page now @ http://localhost:3002/_next/static/chunks/13p_xp_nojwqx.js:0
[   19073ms] [WARNING] Received change, reloading page now @ http://localhost:3002/_next/static/chunks/13p_xp_nojwqx.js:0
[   19216ms] [WARNING] Received change, reloading page now @ http://localhost:3002/_next/static/chunks/13p_xp_nojwqx.js:0
[   19295ms] [WARNING] Received change, reloading page now @ http://localhost:3002/_next/static/chunks/13p_xp_nojwqx.js:0
[   19398ms] [WARNING] Received change, reloading page now @ http://localhost:3002/_next/static/chunks/13p_xp_nojwqx.js:0
[   19614ms] [WARNING] Received change, reloading page now @ http://localhost:3002/_next/static/chunks/13p_xp_nojwqx.js:0
[   19682ms] [WARNING] Received change, reloading page now @ http://localhost:3002/_next/static/chunks/13p_xp_nojwqx.js:0
[   19810ms] [WARNING] Received change, reloading page now @ http://localhost:3002/_next/static/chunks/13p_xp_nojwqx.js:0
[   19992ms] [WARNING] Received change, reloading page now @ http://localhost:3002/_next/static/chunks/13p_xp_nojwqx.js:0
[   20149ms] [WARNING] Received change, reloading page now @ http://localhost:3002/_next/static/chunks/13p_xp_nojwqx.js:0
[   20282ms] [WARNING] Received change, reloading page now @ http://localhost:3002/_next/static/chunks/13p_xp_nojwqx.js:0
[   20409ms] [WARNING] Received change, reloading page now @ http://localhost:3002/_next/static/chunks/13p_xp_nojwqx.js:0
[   20571ms] [WARNING] Received change, reloading page now @ http://localhost:3002/_next/static/chunks/13p_xp_nojwqx.js:0
[   20735ms] [WARNING] Received change, reloading page now @ http://localhost:3002/_next/static/chunks/13p_xp_nojwqx.js:0
[   20926ms] [WARNING] Received change, reloading page now @ http://localhost:3002/_next/static/chunks/13p_xp_nojwqx.js:0
[   21077ms] [WARNING] Received change, reloading page now @ http://localhost:3002/_next/static/chunks/13p_xp_nojwqx.js:0
[   21281ms] [WARNING] Received change, reloading page now @ http://localhost:3002/_next/static/chunks/13p_xp_nojwqx.js:0
[   21320ms] [WARNING] Received change, reloading page now @ http://localhost:3002/_next/static/chunks/13p_xp_nojwqx.js:0
[   21320ms] [WARNING] Received change, reloading page now @ http://localhost:3002/_next/static/chunks/13p_xp_nojwqx.js:0
[   21441ms] [WARNING] Received change, reloading page now @ http://localhost:3002/_next/static/chunks/13p_xp_nojwqx.js:0
[   21628ms] [WARNING] Received change, reloading page now @ http://localhost:3002/_next/static/chunks/13p_xp_nojwqx.js:0
[   21745ms] [WARNING] Received change, reloading page now @ http://localhost:3002/_next/static/chunks/13p_xp_nojwqx.js:0
[   21883ms] [WARNING] Received change, reloading page now @ http://localhost:3002/_next/static/chunks/13p_xp_nojwqx.js:0
[   22029ms] [WARNING] Received change, reloading page now @ http://localhost:3002/_next/static/chunks/13p_xp_nojwqx.js:0
[   22134ms] [WARNING] Received change, reloading page now @ http://localhost:3002/_next/static/chunks/13p_xp_nojwqx.js:0
[   22263ms] [WARNING] Received change, reloading page now @ http://localhost:3002/_next/static/chunks/13p_xp_nojwqx.js:0
[   22419ms] [WARNING] Received change, reloading page now @ http://localhost:3002/_next/static/chunks/13p_xp_nojwqx.js:0
[   22597ms] [WARNING] Received change, reloading page now @ http://localhost:3002/_next/static/chunks/13p_xp_nojwqx.js:0
[   22734ms] [WARNING] Received change, reloading page now @ http://localhost:3002/_next/static/chunks/13p_xp_nojwqx.js:0
[   22957ms] [WARNING] Received change, reloading page now @ http://localhost:3002/_next/static/chunks/13p_xp_nojwqx.js:0
[   23038ms] [WARNING] Received change, reloading page now @ http://localhost:3002/_next/static/chunks/13p_xp_nojwqx.js:0
[   23168ms] [WARNING] Received change, reloading page now @ http://localhost:3002/_next/static/chunks/13p_xp_nojwqx.js:0
[   23311ms] [WARNING] Received change, reloading page now @ http://localhost:3002/_next/static/chunks/13p_xp_nojwqx.js:0
[   23450ms] [WARNING] Received change, reloading page now @ http://localhost:3002/_next/static/chunks/13p_xp_nojwqx.js:0
[   23631ms] [WARNING] Received change, reloading page now @ http://localhost:3002/_next/static/chunks/13p_xp_nojwqx.js:0
[   23703ms] [WARNING] Received change, reloading page now @ http://localhost:3002/_next/static/chunks/13p_xp_nojwqx.js:0
[   23910ms] [WARNING] Received change, reloading page now @ http://localhost:3002/_next/static/chunks/13p_xp_nojwqx.js:0
[   23980ms] [WARNING] Received change, reloading page now @ http://localhost:3002/_next/static/chunks/13p_xp_nojwqx.js:0
[   24120ms] [WARNING] Received change, reloading page now @ http://localhost:3002/_next/static/chunks/13p_xp_nojwqx.js:0
[   24250ms] [WARNING] Received change, reloading page now @ http://localhost:3002/_next/static/chunks/13p_xp_nojwqx.js:0
[   24436ms] [WARNING] Received change, reloading page now @ http://localhost:3002/_next/static/chunks/13p_xp_nojwqx.js:0
[   24637ms] [WARNING] Received change, reloading page now @ http://localhost:3002/_next/static/chunks/13p_xp_nojwqx.js:0
[   24707ms] [WARNING] Received change, reloading page now @ http://localhost:3002/_next/static/chunks/13p_xp_nojwqx.js:0
[   24808ms] [WARNING] Received change, reloading page now @ http://localhost:3002/_next/static/chunks/13p_xp_nojwqx.js:0
[   24928ms] [WARNING] Received change, reloading page now @ http://localhost:3002/_next/static/chunks/13p_xp_nojwqx.js:0
[   25031ms] [WARNING] Received change, reloading page now @ http://localhost:3002/_next/static/chunks/13p_xp_nojwqx.js:0
[   25212ms] [WARNING] Received change, reloading page now @ http://localhost:3002/_next/static/chunks/13p_xp_nojwqx.js:0
[   25279ms] [WARNING] Received change, reloading page now @ http://localhost:3002/_next/static/chunks/13p_xp_nojwqx.js:0
[   25412ms] [WARNING] Received change, reloading page now @ http://localhost:3002/_next/static/chunks/13p_xp_nojwqx.js:0
[   25583ms] [WARNING] Received change, reloading page now @ http://localhost:3002/_next/static/chunks/13p_xp_nojwqx.js:0
[   25739ms] [WARNING] Received change, reloading page now @ http://localhost:3002/_next/static/chunks/13p_xp_nojwqx.js:0
[   25948ms] [WARNING] Received change, reloading page now @ http://localhost:3002/_next/static/chunks/13p_xp_nojwqx.js:0
[   26021ms] [WARNING] Received change, reloading page now @ http://localhost:3002/_next/static/chunks/13p_xp_nojwqx.js:0
[   26150ms] [WARNING] Received change, reloading page now @ http://localhost:3002/_next/static/chunks/13p_xp_nojwqx.js:0
[   26279ms] [WARNING] Received change, reloading page now @ http://localhost:3002/_next/static/chunks/13p_xp_nojwqx.js:0
[   26445ms] [WARNING] Received change, reloading page now @ http://localhost:3002/_next/static/chunks/13p_xp_nojwqx.js:0
[   26574ms] [WARNING] Received change, reloading page now @ http://localhost:3002/_next/static/chunks/13p_xp_nojwqx.js:0
[   26665ms] [WARNING] Received change, reloading page now @ http://localhost:3002/_next/static/chunks/13p_xp_nojwqx.js:0
[   26862ms] [WARNING] Received change, reloading page now @ http://localhost:3002/_next/static/chunks/13p_xp_nojwqx.js:0
[   26931ms] [WARNING] Received change, reloading page now @ http://localhost:3002/_next/static/chunks/13p_xp_nojwqx.js:0
[   27081ms] [WARNING] Received change, reloading page now @ http://localhost:3002/_next/static/chunks/13p_xp_nojwqx.js:0
[   27187ms] [WARNING] Received change, reloading page now @ http://localhost:3002/_next/static/chunks/13p_xp_nojwqx.js:0
[   27328ms] [WARNING] Received change, reloading page now @ http://localhost:3002/_next/static/chunks/13p_xp_nojwqx.js:0
[   27493ms] [WARNING] Received change, reloading page now @ http://localhost:3002/_next/static/chunks/13p_xp_nojwqx.js:0
[   27617ms] [WARNING] Received change, reloading page now @ http://localhost:3002/_next/static/chunks/13p_xp_nojwqx.js:0
[   27729ms] [WARNING] Received change, reloading page now @ http://localhost:3002/_next/static/chunks/13p_xp_nojwqx.js:0
[   27911ms] [WARNING] Received change, reloading page now @ http://localhost:3002/_next/static/chunks/13p_xp_nojwqx.js:0
[   28097ms] [WARNING] Received change, reloading page now @ http://localhost:3002/_next/static/chunks/13p_xp_nojwqx.js:0
[   28177ms] [WARNING] Received change, reloading page now @ http://localhost:3002/_next/static/chunks/13p_xp_nojwqx.js:0
[   28273ms] [WARNING] Received change, reloading page now @ http://localhost:3002/_next/static/chunks/13p_xp_nojwqx.js:0
[   28421ms] [WARNING] Received change, reloading page now @ http://localhost:3002/_next/static/chunks/13p_xp_nojwqx.js:0
[   28554ms] [WARNING] Received change, reloading page now @ http://localhost:3002/_next/static/chunks/13p_xp_nojwqx.js:0
[   28688ms] [WARNING] Received change, reloading page now @ http://localhost:3002/_next/static/chunks/13p_xp_nojwqx.js:0
[   28818ms] [WARNING] Received change, reloading page now @ http://localhost:3002/_next/static/chunks/13p_xp_nojwqx.js:0
[   28938ms] [WARNING] Received change, reloading page now @ http://localhost:3002/_next/static/chunks/13p_xp_nojwqx.js:0
[   29069ms] [WARNING] Received change, reloading page now @ http://localhost:3002/_next/static/chunks/13p_xp_nojwqx.js:0
[   29198ms] [WARNING] Received change, reloading page now @ http://localhost:3002/_next/static/chunks/13p_xp_nojwqx.js:0
[   29296ms] [WARNING] Received change, reloading page now @ http://localhost:3002/_next/static/chunks/13p_xp_nojwqx.js:0
[   29434ms] [WARNING] Received change, reloading page now @ http://localhost:3002/_next/static/chunks/13p_xp_nojwqx.js:0
[   29570ms] [WARNING] Received change, reloading page now @ http://localhost:3002/_next/static/chunks/13p_xp_nojwqx.js:0
[   29671ms] [WARNING] Received change, reloading page now @ http://localhost:3002/_next/static/chunks/13p_xp_nojwqx.js:0
[   29842ms] [WARNING] Received change, reloading page now @ http://localhost:3002/_next/static/chunks/13p_xp_nojwqx.js:0
[   29990ms] [WARNING] Received change, reloading page now @ http://localhost:3002/_next/static/chunks/13p_xp_nojwqx.js:0
[   30263ms] [WARNING] Received change, reloading page now @ http://localhost:3002/_next/static/chunks/13p_xp_nojwqx.js:0
[   30543ms] [WARNING] Received change, reloading page now @ http://localhost:3002/_next/static/chunks/13p_xp_nojwqx.js:0
[   30686ms] [WARNING] Received change, reloading page now @ http://localhost:3002/_next/static/chunks/13p_xp_nojwqx.js:0
[   30825ms] [WARNING] Received change, reloading page now @ http://localhost:3002/_next/static/chunks/13p_xp_nojwqx.js:0
[   30928ms] [WARNING] Received change, reloading page now @ http://localhost:3002/_next/static/chunks/13p_xp_nojwqx.js:0
[   31097ms] [WARNING] Received change, reloading page now @ http://localhost:3002/_next/static/chunks/13p_xp_nojwqx.js:0
[   31170ms] [WARNING] Received change, reloading page now @ http://localhost:3002/_next/static/chunks/13p_xp_nojwqx.js:0
[   31321ms] [WARNING] Received change, reloading page now @ http://localhost:3002/_next/static/chunks/13p_xp_nojwqx.js:0
[   31596ms] [WARNING] Received change, reloading page now @ http://localhost:3002/_next/static/chunks/13p_xp_nojwqx.js:0
[   31782ms] [WARNING] Received change, reloading page now @ http://localhost:3002/_next/static/chunks/13p_xp_nojwqx.js:0
[   31911ms] [WARNING] Received change, reloading page now @ http://localhost:3002/_next/static/chunks/13p_xp_nojwqx.js:0
[   32125ms] [WARNING] Received change, reloading page now @ http://localhost:3002/_next/static/chunks/13p_xp_nojwqx.js:0
[   32198ms] [WARNING] Received change, reloading page now @ http://localhost:3002/_next/static/chunks/13p_xp_nojwqx.js:0
[   32366ms] [WARNING] Received change, reloading page now @ http://localhost:3002/_next/static/chunks/13p_xp_nojwqx.js:0
[   32427ms] [WARNING] Received change, reloading page now @ http://localhost:3002/_next/static/chunks/13p_xp_nojwqx.js:0
[   32572ms] [WARNING] Received change, reloading page now @ http://localhost:3002/_next/static/chunks/13p_xp_nojwqx.js:0
[   32695ms] [WARNING] Received change, reloading page now @ http://localhost:3002/_next/static/chunks/13p_xp_nojwqx.js:0
[   32856ms] [WARNING] Received change, reloading page now @ http://localhost:3002/_next/static/chunks/13p_xp_nojwqx.js:0
[   33053ms] [WARNING] Received change, reloading page now @ http://localhost:3002/_next/static/chunks/13p_xp_nojwqx.js:0
[   33181ms] [WARNING] Received change, reloading page now @ http://localhost:3002/_next/static/chunks/13p_xp_nojwqx.js:0
[   33315ms] [WARNING] Received change, reloading page now @ http://localhost:3002/_next/static/chunks/13p_xp_nojwqx.js:0
[   33474ms] [WARNING] Received change, reloading page now @ http://localhost:3002/_next/static/chunks/13p_xp_nojwqx.js:0
[   33615ms] [WARNING] Received change, reloading page now @ http://localhost:3002/_next/static/chunks/13p_xp_nojwqx.js:0
[   33747ms] [WARNING] Received change, reloading page now @ http://localhost:3002/_next/static/chunks/13p_xp_nojwqx.js:0
[   33877ms] [WARNING] Received change, reloading page now @ http://localhost:3002/_next/static/chunks/13p_xp_nojwqx.js:0
[   33981ms] [WARNING] Received change, reloading page now @ http://localhost:3002/_next/static/chunks/13p_xp_nojwqx.js:0
[   34111ms] [WARNING] Received change, reloading page now @ http://localhost:3002/_next/static/chunks/13p_xp_nojwqx.js:0
[   34314ms] [WARNING] Received change, reloading page now @ http://localhost:3002/_next/static/chunks/13p_xp_nojwqx.js:0
[   34443ms] [WARNING] Received change, reloading page now @ http://localhost:3002/_next/static/chunks/13p_xp_nojwqx.js:0
[   34544ms] [WARNING] Received change, reloading page now @ http://localhost:3002/_next/static/chunks/13p_xp_nojwqx.js:0
[   34665ms] [WARNING] Received change, reloading page now @ http://localhost:3002/_next/static/chunks/13p_xp_nojwqx.js:0
[   34868ms] [WARNING] Received change, reloading page now @ http://localhost:3002/_next/static/chunks/13p_xp_nojwqx.js:0
[   34935ms] [WARNING] Received change, reloading page now @ http://localhost:3002/_next/static/chunks/13p_xp_nojwqx.js:0
[   35115ms] [WARNING] Received change, reloading page now @ http://localhost:3002/_next/static/chunks/13p_xp_nojwqx.js:0
[   35247ms] [WARNING] Received change, reloading page now @ http://localhost:3002/_next/static/chunks/13p_xp_nojwqx.js:0
[   35377ms] [WARNING] Received change, reloading page now @ http://localhost:3002/_next/static/chunks/13p_xp_nojwqx.js:0
[   35578ms] [WARNING] Received change, reloading page now @ http://localhost:3002/_next/static/chunks/13p_xp_nojwqx.js:0
[   35681ms] [WARNING] Received change, reloading page now @ http://localhost:3002/_next/static/chunks/13p_xp_nojwqx.js:0
[   35866ms] [WARNING] Received change, reloading page now @ http://localhost:3002/_next/static/chunks/13p_xp_nojwqx.js:0
[   35993ms] [WARNING] Received change, reloading page now @ http://localhost:3002/_next/static/chunks/13p_xp_nojwqx.js:0
[   36067ms] [WARNING] Received change, reloading page now @ http://localhost:3002/_next/static/chunks/13p_xp_nojwqx.js:0
[   36222ms] [WARNING] Received change, reloading page now @ http://localhost:3002/_next/static/chunks/13p_xp_nojwqx.js:0
[   36422ms] [WARNING] Received change, reloading page now @ http://localhost:3002/_next/static/chunks/13p_xp_nojwqx.js:0
[   36617ms] [WARNING] Received change, reloading page now @ http://localhost:3002/_next/static/chunks/13p_xp_nojwqx.js:0
[   36842ms] [WARNING] Received change, reloading page now @ http://localhost:3002/_next/static/chunks/13p_xp_nojwqx.js:0
[   37032ms] [WARNING] Received change, reloading page now @ http://localhost:3002/_next/static/chunks/13p_xp_nojwqx.js:0
[   37095ms] [WARNING] Received change, reloading page now @ http://localhost:3002/_next/static/chunks/13p_xp_nojwqx.js:0
[   37226ms] [WARNING] Received change, reloading page now @ http://localhost:3002/_next/static/chunks/13p_xp_nojwqx.js:0
[   37331ms] [WARNING] Received change, reloading page now @ http://localhost:3002/_next/static/chunks/13p_xp_nojwqx.js:0
[   37457ms] [WARNING] Received change, reloading page now @ http://localhost:3002/_next/static/chunks/13p_xp_nojwqx.js:0
[   37658ms] [WARNING] Received change, reloading page now @ http://localhost:3002/_next/static/chunks/13p_xp_nojwqx.js:0
[   37881ms] [WARNING] Received change, reloading page now @ http://localhost:3002/_next/static/chunks/13p_xp_nojwqx.js:0
